Starting backup...
Dumping database u1576417_hmidakush...
Determining files to backup...
Zipping 1 files and directories...
Created zip containing 1 files and directories. Size is 18.8 KB
Copying zip to disk named local...
Successfully copied zip to disk named local.
Backup completed!
Starting backup...
Dumping database u1576417_hmidakush...
Determining files to backup...
Zipping 1 files and directories...
Created zip containing 1 files and directories. Size is 18.8 KB
Copying zip to disk named local...
Successfully copied zip to disk named local.
Backup completed!
Starting backup...
Dumping database u1576417_hmidakush...
Determining files to backup...
Zipping 1 files and directories...
Created zip containing 1 files and directories. Size is 18.8 KB
Copying zip to disk named local...
Successfully copied zip to disk named local.
Backup completed!
Starting backup...
Dumping database u1576417_hmidakush...
Determining files to backup...
Zipping 1 files and directories...
Created zip containing 1 files and directories. Size is 18.8 KB
Copying zip to disk named local...
Successfully copied zip to disk named local.
Backup completed!
Starting backup...
Dumping database u1576417_hmidakush...
Determining files to backup...
Zipping 1 files and directories...
Created zip containing 1 files and directories. Size is 18.8 KB
Copying zip to disk named local...
Successfully copied zip to disk named local.
Backup completed!
Starting backup...
Dumping database u1576417_hmidakush...
Determining files to backup...
Zipping 1 files and directories...
Created zip containing 1 files and directories. Size is 18.8 KB
Copying zip to disk named local...
Successfully copied zip to disk named local.
Backup completed!
Starting backup...
Dumping database u1576417_hmidakush...
Determining files to backup...
Zipping 1 files and directories...
Created zip containing 1 files and directories. Size is 18.8 KB
Copying zip to disk named local...
Successfully copied zip to disk named local.
Backup completed!
Starting backup...
Dumping database u1576417_hmidakush...
Determining files to backup...
Zipping 1 files and directories...
Created zip containing 1 files and directories. Size is 18.8 KB
Copying zip to disk named local...
Successfully copied zip to disk named local.
Backup completed!
Starting backup...
Dumping database u1576417_hmidakush...
Determining files to backup...
Zipping 1 files and directories...
Created zip containing 1 files and directories. Size is 18.8 KB
Copying zip to disk named local...
Successfully copied zip to disk named local.
Backup completed!
